Performing C SOURCE FILE Test CMAKE_HAVE_LIBC_PTHREAD failed with the following output:
Change Dir: /media/mattiascarpa/Archivio/Programming_Workspace/Computer_Vision_UniPD/Lab_6/build/CMakeFiles/CMakeTmp

Run Build Command(s):/usr/bin/make cmTC_fd95a/fast && /usr/bin/make -f CMakeFiles/cmTC_fd95a.dir/build.make CMakeFiles/cmTC_fd95a.dir/build
make[1]: Entering directory '/media/mattiascarpa/Archivio/Programming_Workspace/Computer_Vision_UniPD/Lab_6/build/CMakeFiles/CMakeTmp'
Building C object CMakeFiles/cmTC_fd95a.dir/src.c.o
/usr/bin/cc   -fPIC -DCMAKE_HAVE_LIBC_PTHREAD   -o CMakeFiles/cmTC_fd95a.dir/src.c.o   -c /media/mattiascarpa/Archivio/Programming_Workspace/Computer_Vision_UniPD/Lab_6/build/CMakeFiles/CMakeTmp/src.c
Linking C executable cmTC_fd95a
/usr/bin/cmake -E cmake_link_script CMakeFiles/cmTC_fd95a.dir/link.txt --verbose=1
/usr/bin/cc -fPIC -DCMAKE_HAVE_LIBC_PTHREAD    CMakeFiles/cmTC_fd95a.dir/src.c.o  -o cmTC_fd95a 
/usr/bin/ld: CMakeFiles/cmTC_fd95a.dir/src.c.o: in function `main':
src.c:(.text+0x46): undefined reference to `pthread_create'
/usr/bin/ld: src.c:(.text+0x52): undefined reference to `pthread_detach'
/usr/bin/ld: src.c:(.text+0x63): undefined reference to `pthread_join'
collect2: error: ld returned 1 exit status
make[1]: *** [CMakeFiles/cmTC_fd95a.dir/build.make:87: cmTC_fd95a] Error 1
make[1]: Leaving directory '/media/mattiascarpa/Archivio/Programming_Workspace/Computer_Vision_UniPD/Lab_6/build/CMakeFiles/CMakeTmp'
make: *** [Makefile:121: cmTC_fd95a/fast] Error 2


Source file was:
#include <pthread.h>

void* test_func(void* data)
{
  return data;
}

int main(void)
{
  pthread_t thread;
  pthread_create(&thread, NULL, test_func, NULL);
  pthread_detach(thread);
  pthread_join(thread, NULL);
  pthread_atfork(NULL, NULL, NULL);
  pthread_exit(NULL);

  return 0;
}

Determining if the function pthread_create exists in the pthreads failed with the following output:
Change Dir: /media/mattiascarpa/Archivio/Programming_Workspace/Computer_Vision_UniPD/Lab_6/build/CMakeFiles/CMakeTmp

Run Build Command(s):/usr/bin/make cmTC_0baca/fast && /usr/bin/make -f CMakeFiles/cmTC_0baca.dir/build.make CMakeFiles/cmTC_0baca.dir/build
make[1]: Entering directory '/media/mattiascarpa/Archivio/Programming_Workspace/Computer_Vision_UniPD/Lab_6/build/CMakeFiles/CMakeTmp'
Building C object CMakeFiles/cmTC_0baca.dir/CheckFunctionExists.c.o
/usr/bin/cc   -fPIC -DCHECK_FUNCTION_EXISTS=pthread_create   -o CMakeFiles/cmTC_0baca.dir/CheckFunctionExists.c.o   -c /usr/share/cmake-3.16/Modules/CheckFunctionExists.c
Linking C executable cmTC_0baca
/usr/bin/cmake -E cmake_link_script CMakeFiles/cmTC_0baca.dir/link.txt --verbose=1
/usr/bin/cc -fPIC -DCHECK_FUNCTION_EXISTS=pthread_create    CMakeFiles/cmTC_0baca.dir/CheckFunctionExists.c.o  -o cmTC_0baca  -lpthreads 
/usr/bin/ld: cannot find -lpthreads
collect2: error: ld returned 1 exit status
make[1]: *** [CMakeFiles/cmTC_0baca.dir/build.make:87: cmTC_0baca] Error 1
make[1]: Leaving directory '/media/mattiascarpa/Archivio/Programming_Workspace/Computer_Vision_UniPD/Lab_6/build/CMakeFiles/CMakeTmp'
make: *** [Makefile:121: cmTC_0baca/fast] Error 2



Performing C SOURCE FILE Test CMAKE_HAVE_LIBC_PTHREAD failed with the following output:
Change Dir: /media/mattiascarpa/Archivio/Programming_Workspace/Computer_Vision_UniPD/TrackLab/build/CMakeFiles/CMakeTmp

Run Build Command(s):/usr/bin/make cmTC_4cd56/fast && /usr/bin/make -f CMakeFiles/cmTC_4cd56.dir/build.make CMakeFiles/cmTC_4cd56.dir/build
make[1]: Entering directory '/media/mattiascarpa/Archivio/Programming_Workspace/Computer_Vision_UniPD/TrackLab/build/CMakeFiles/CMakeTmp'
Building C object CMakeFiles/cmTC_4cd56.dir/src.c.o
/usr/bin/cc   -fPIC -DCMAKE_HAVE_LIBC_PTHREAD   -o CMakeFiles/cmTC_4cd56.dir/src.c.o   -c /media/mattiascarpa/Archivio/Programming_Workspace/Computer_Vision_UniPD/TrackLab/build/CMakeFiles/CMakeTmp/src.c
Linking C executable cmTC_4cd56
/usr/bin/cmake -E cmake_link_script CMakeFiles/cmTC_4cd56.dir/link.txt --verbose=1
/usr/bin/cc -fPIC -DCMAKE_HAVE_LIBC_PTHREAD    CMakeFiles/cmTC_4cd56.dir/src.c.o  -o cmTC_4cd56 
/usr/bin/ld: CMakeFiles/cmTC_4cd56.dir/src.c.o: in function `main':
src.c:(.text+0x46): undefined reference to `pthread_create'
/usr/bin/ld: src.c:(.text+0x52): undefined reference to `pthread_detach'
/usr/bin/ld: src.c:(.text+0x63): undefined reference to `pthread_join'
collect2: error: ld returned 1 exit status
make[1]: *** [CMakeFiles/cmTC_4cd56.dir/build.make:87: cmTC_4cd56] Error 1
make[1]: Leaving directory '/media/mattiascarpa/Archivio/Programming_Workspace/Computer_Vision_UniPD/TrackLab/build/CMakeFiles/CMakeTmp'
make: *** [Makefile:121: cmTC_4cd56/fast] Error 2


Source file was:
#include <pthread.h>

void* test_func(void* data)
{
  return data;
}

int main(void)
{
  pthread_t thread;
  pthread_create(&thread, NULL, test_func, NULL);
  pthread_detach(thread);
  pthread_join(thread, NULL);
  pthread_atfork(NULL, NULL, NULL);
  pthread_exit(NULL);

  return 0;
}

Determining if the function pthread_create exists in the pthreads failed with the following output:
Change Dir: /media/mattiascarpa/Archivio/Programming_Workspace/Computer_Vision_UniPD/TrackLab/build/CMakeFiles/CMakeTmp

Run Build Command(s):/usr/bin/make cmTC_854ee/fast && /usr/bin/make -f CMakeFiles/cmTC_854ee.dir/build.make CMakeFiles/cmTC_854ee.dir/build
make[1]: Entering directory '/media/mattiascarpa/Archivio/Programming_Workspace/Computer_Vision_UniPD/TrackLab/build/CMakeFiles/CMakeTmp'
Building C object CMakeFiles/cmTC_854ee.dir/CheckFunctionExists.c.o
/usr/bin/cc   -fPIC -DCHECK_FUNCTION_EXISTS=pthread_create   -o CMakeFiles/cmTC_854ee.dir/CheckFunctionExists.c.o   -c /usr/share/cmake-3.16/Modules/CheckFunctionExists.c
Linking C executable cmTC_854ee
/usr/bin/cmake -E cmake_link_script CMakeFiles/cmTC_854ee.dir/link.txt --verbose=1
/usr/bin/cc -fPIC -DCHECK_FUNCTION_EXISTS=pthread_create    CMakeFiles/cmTC_854ee.dir/CheckFunctionExists.c.o  -o cmTC_854ee  -lpthreads 
/usr/bin/ld: cannot find -lpthreads
collect2: error: ld returned 1 exit status
make[1]: *** [CMakeFiles/cmTC_854ee.dir/build.make:87: cmTC_854ee] Error 1
make[1]: Leaving directory '/media/mattiascarpa/Archivio/Programming_Workspace/Computer_Vision_UniPD/TrackLab/build/CMakeFiles/CMakeTmp'
make: *** [Makefile:121: cmTC_854ee/fast] Error 2



Performing C SOURCE FILE Test CMAKE_HAVE_LIBC_PTHREAD failed with the following output:
Change Dir: /media/mattiascarpa/Archivio/Programming_Workspace/Computer_Vision_UniPD/TrackLab/build/CMakeFiles/CMakeTmp

Run Build Command(s):/usr/bin/make cmTC_1ee58/fast && /usr/bin/make -f CMakeFiles/cmTC_1ee58.dir/build.make CMakeFiles/cmTC_1ee58.dir/build
make[1]: Entering directory '/media/mattiascarpa/Archivio/Programming_Workspace/Computer_Vision_UniPD/TrackLab/build/CMakeFiles/CMakeTmp'
Building C object CMakeFiles/cmTC_1ee58.dir/src.c.o
/usr/bin/cc   -fPIC -DCMAKE_HAVE_LIBC_PTHREAD   -o CMakeFiles/cmTC_1ee58.dir/src.c.o   -c /media/mattiascarpa/Archivio/Programming_Workspace/Computer_Vision_UniPD/TrackLab/build/CMakeFiles/CMakeTmp/src.c
Linking C executable cmTC_1ee58
/usr/bin/cmake -E cmake_link_script CMakeFiles/cmTC_1ee58.dir/link.txt --verbose=1
/usr/bin/cc -fPIC -DCMAKE_HAVE_LIBC_PTHREAD    CMakeFiles/cmTC_1ee58.dir/src.c.o  -o cmTC_1ee58 
/usr/bin/ld: CMakeFiles/cmTC_1ee58.dir/src.c.o: in function `main':
src.c:(.text+0x46): undefined reference to `pthread_create'
/usr/bin/ld: src.c:(.text+0x52): undefined reference to `pthread_detach'
/usr/bin/ld: src.c:(.text+0x63): undefined reference to `pthread_join'
collect2: error: ld returned 1 exit status
make[1]: *** [CMakeFiles/cmTC_1ee58.dir/build.make:87: cmTC_1ee58] Error 1
make[1]: Leaving directory '/media/mattiascarpa/Archivio/Programming_Workspace/Computer_Vision_UniPD/TrackLab/build/CMakeFiles/CMakeTmp'
make: *** [Makefile:121: cmTC_1ee58/fast] Error 2


Source file was:
#include <pthread.h>

void* test_func(void* data)
{
  return data;
}

int main(void)
{
  pthread_t thread;
  pthread_create(&thread, NULL, test_func, NULL);
  pthread_detach(thread);
  pthread_join(thread, NULL);
  pthread_atfork(NULL, NULL, NULL);
  pthread_exit(NULL);

  return 0;
}

Determining if the function pthread_create exists in the pthreads failed with the following output:
Change Dir: /media/mattiascarpa/Archivio/Programming_Workspace/Computer_Vision_UniPD/TrackLab/build/CMakeFiles/CMakeTmp

Run Build Command(s):/usr/bin/make cmTC_84435/fast && /usr/bin/make -f CMakeFiles/cmTC_84435.dir/build.make CMakeFiles/cmTC_84435.dir/build
make[1]: Entering directory '/media/mattiascarpa/Archivio/Programming_Workspace/Computer_Vision_UniPD/TrackLab/build/CMakeFiles/CMakeTmp'
Building C object CMakeFiles/cmTC_84435.dir/CheckFunctionExists.c.o
/usr/bin/cc   -fPIC -DCHECK_FUNCTION_EXISTS=pthread_create   -o CMakeFiles/cmTC_84435.dir/CheckFunctionExists.c.o   -c /usr/share/cmake-3.16/Modules/CheckFunctionExists.c
Linking C executable cmTC_84435
/usr/bin/cmake -E cmake_link_script CMakeFiles/cmTC_84435.dir/link.txt --verbose=1
/usr/bin/cc -fPIC -DCHECK_FUNCTION_EXISTS=pthread_create    CMakeFiles/cmTC_84435.dir/CheckFunctionExists.c.o  -o cmTC_84435  -lpthreads 
/usr/bin/ld: cannot find -lpthreads
collect2: error: ld returned 1 exit status
make[1]: *** [CMakeFiles/cmTC_84435.dir/build.make:87: cmTC_84435] Error 1
make[1]: Leaving directory '/media/mattiascarpa/Archivio/Programming_Workspace/Computer_Vision_UniPD/TrackLab/build/CMakeFiles/CMakeTmp'
make: *** [Makefile:121: cmTC_84435/fast] Error 2



Performing C SOURCE FILE Test CMAKE_HAVE_LIBC_PTHREAD failed with the following output:
Change Dir: /media/mattiascarpa/Archivio/Programming_Workspace/Computer_Vision_UniPD/TrackLab/build/CMakeFiles/CMakeTmp

Run Build Command(s):/usr/bin/make cmTC_4f13b/fast && /usr/bin/make -f CMakeFiles/cmTC_4f13b.dir/build.make CMakeFiles/cmTC_4f13b.dir/build
make[1]: Entering directory '/media/mattiascarpa/Archivio/Programming_Workspace/Computer_Vision_UniPD/TrackLab/build/CMakeFiles/CMakeTmp'
Building C object CMakeFiles/cmTC_4f13b.dir/src.c.o
/usr/bin/cc   -fPIC -DCMAKE_HAVE_LIBC_PTHREAD   -o CMakeFiles/cmTC_4f13b.dir/src.c.o   -c /media/mattiascarpa/Archivio/Programming_Workspace/Computer_Vision_UniPD/TrackLab/build/CMakeFiles/CMakeTmp/src.c
Linking C executable cmTC_4f13b
/usr/bin/cmake -E cmake_link_script CMakeFiles/cmTC_4f13b.dir/link.txt --verbose=1
/usr/bin/cc -fPIC -DCMAKE_HAVE_LIBC_PTHREAD    CMakeFiles/cmTC_4f13b.dir/src.c.o  -o cmTC_4f13b 
/usr/bin/ld: CMakeFiles/cmTC_4f13b.dir/src.c.o: in function `main':
src.c:(.text+0x46): undefined reference to `pthread_create'
/usr/bin/ld: src.c:(.text+0x52): undefined reference to `pthread_detach'
/usr/bin/ld: src.c:(.text+0x63): undefined reference to `pthread_join'
collect2: error: ld returned 1 exit status
make[1]: *** [CMakeFiles/cmTC_4f13b.dir/build.make:87: cmTC_4f13b] Error 1
make[1]: Leaving directory '/media/mattiascarpa/Archivio/Programming_Workspace/Computer_Vision_UniPD/TrackLab/build/CMakeFiles/CMakeTmp'
make: *** [Makefile:121: cmTC_4f13b/fast] Error 2


Source file was:
#include <pthread.h>

void* test_func(void* data)
{
  return data;
}

int main(void)
{
  pthread_t thread;
  pthread_create(&thread, NULL, test_func, NULL);
  pthread_detach(thread);
  pthread_join(thread, NULL);
  pthread_atfork(NULL, NULL, NULL);
  pthread_exit(NULL);

  return 0;
}

Determining if the function pthread_create exists in the pthreads failed with the following output:
Change Dir: /media/mattiascarpa/Archivio/Programming_Workspace/Computer_Vision_UniPD/TrackLab/build/CMakeFiles/CMakeTmp

Run Build Command(s):/usr/bin/make cmTC_22c8a/fast && /usr/bin/make -f CMakeFiles/cmTC_22c8a.dir/build.make CMakeFiles/cmTC_22c8a.dir/build
make[1]: Entering directory '/media/mattiascarpa/Archivio/Programming_Workspace/Computer_Vision_UniPD/TrackLab/build/CMakeFiles/CMakeTmp'
Building C object CMakeFiles/cmTC_22c8a.dir/CheckFunctionExists.c.o
/usr/bin/cc   -fPIC -DCHECK_FUNCTION_EXISTS=pthread_create   -o CMakeFiles/cmTC_22c8a.dir/CheckFunctionExists.c.o   -c /usr/share/cmake-3.16/Modules/CheckFunctionExists.c
Linking C executable cmTC_22c8a
/usr/bin/cmake -E cmake_link_script CMakeFiles/cmTC_22c8a.dir/link.txt --verbose=1
/usr/bin/cc -fPIC -DCHECK_FUNCTION_EXISTS=pthread_create    CMakeFiles/cmTC_22c8a.dir/CheckFunctionExists.c.o  -o cmTC_22c8a  -lpthreads 
/usr/bin/ld: cannot find -lpthreads
collect2: error: ld returned 1 exit status
make[1]: *** [CMakeFiles/cmTC_22c8a.dir/build.make:87: cmTC_22c8a] Error 1
make[1]: Leaving directory '/media/mattiascarpa/Archivio/Programming_Workspace/Computer_Vision_UniPD/TrackLab/build/CMakeFiles/CMakeTmp'
make: *** [Makefile:121: cmTC_22c8a/fast] Error 2



Performing C SOURCE FILE Test CMAKE_HAVE_LIBC_PTHREAD failed with the following output:
Change Dir: /media/mattiascarpa/Archivio/Programming_Workspace/Computer_Vision_UniPD/TrackLab/build/CMakeFiles/CMakeTmp

Run Build Command(s):/usr/bin/make cmTC_3bf84/fast && /usr/bin/make -f CMakeFiles/cmTC_3bf84.dir/build.make CMakeFiles/cmTC_3bf84.dir/build
make[1]: Entering directory '/media/mattiascarpa/Archivio/Programming_Workspace/Computer_Vision_UniPD/TrackLab/build/CMakeFiles/CMakeTmp'
Building C object CMakeFiles/cmTC_3bf84.dir/src.c.o
/usr/bin/cc   -fPIC -DCMAKE_HAVE_LIBC_PTHREAD   -o CMakeFiles/cmTC_3bf84.dir/src.c.o   -c /media/mattiascarpa/Archivio/Programming_Workspace/Computer_Vision_UniPD/TrackLab/build/CMakeFiles/CMakeTmp/src.c
Linking C executable cmTC_3bf84
/usr/bin/cmake -E cmake_link_script CMakeFiles/cmTC_3bf84.dir/link.txt --verbose=1
/usr/bin/cc -fPIC -DCMAKE_HAVE_LIBC_PTHREAD    CMakeFiles/cmTC_3bf84.dir/src.c.o  -o cmTC_3bf84 
/usr/bin/ld: CMakeFiles/cmTC_3bf84.dir/src.c.o: in function `main':
src.c:(.text+0x46): undefined reference to `pthread_create'
/usr/bin/ld: src.c:(.text+0x52): undefined reference to `pthread_detach'
/usr/bin/ld: src.c:(.text+0x63): undefined reference to `pthread_join'
collect2: error: ld returned 1 exit status
make[1]: *** [CMakeFiles/cmTC_3bf84.dir/build.make:87: cmTC_3bf84] Error 1
make[1]: Leaving directory '/media/mattiascarpa/Archivio/Programming_Workspace/Computer_Vision_UniPD/TrackLab/build/CMakeFiles/CMakeTmp'
make: *** [Makefile:121: cmTC_3bf84/fast] Error 2


Source file was:
#include <pthread.h>

void* test_func(void* data)
{
  return data;
}

int main(void)
{
  pthread_t thread;
  pthread_create(&thread, NULL, test_func, NULL);
  pthread_detach(thread);
  pthread_join(thread, NULL);
  pthread_atfork(NULL, NULL, NULL);
  pthread_exit(NULL);

  return 0;
}

Determining if the function pthread_create exists in the pthreads failed with the following output:
Change Dir: /media/mattiascarpa/Archivio/Programming_Workspace/Computer_Vision_UniPD/TrackLab/build/CMakeFiles/CMakeTmp

Run Build Command(s):/usr/bin/make cmTC_06d7f/fast && /usr/bin/make -f CMakeFiles/cmTC_06d7f.dir/build.make CMakeFiles/cmTC_06d7f.dir/build
make[1]: Entering directory '/media/mattiascarpa/Archivio/Programming_Workspace/Computer_Vision_UniPD/TrackLab/build/CMakeFiles/CMakeTmp'
Building C object CMakeFiles/cmTC_06d7f.dir/CheckFunctionExists.c.o
/usr/bin/cc   -fPIC -DCHECK_FUNCTION_EXISTS=pthread_create   -o CMakeFiles/cmTC_06d7f.dir/CheckFunctionExists.c.o   -c /usr/share/cmake-3.16/Modules/CheckFunctionExists.c
Linking C executable cmTC_06d7f
/usr/bin/cmake -E cmake_link_script CMakeFiles/cmTC_06d7f.dir/link.txt --verbose=1
/usr/bin/cc -fPIC -DCHECK_FUNCTION_EXISTS=pthread_create    CMakeFiles/cmTC_06d7f.dir/CheckFunctionExists.c.o  -o cmTC_06d7f  -lpthreads 
/usr/bin/ld: cannot find -lpthreads
collect2: error: ld returned 1 exit status
make[1]: *** [CMakeFiles/cmTC_06d7f.dir/build.make:87: cmTC_06d7f] Error 1
make[1]: Leaving directory '/media/mattiascarpa/Archivio/Programming_Workspace/Computer_Vision_UniPD/TrackLab/build/CMakeFiles/CMakeTmp'
make: *** [Makefile:121: cmTC_06d7f/fast] Error 2



